# JRE version: OpenJDK Runtime Environment (17.0.7) (build 17.0.7+0-b2043.56-10550314)
# Java VM: OpenJDK 64-Bit Server VM (17.0.7+0-b2043.56-10550314, mixed mode, tiered, compressed oops, compressed class ptrs, g1 gc, windows-amd64)
GC Precious Log:
 CPUs: 12 total, 12 available
 Memory: 16122M
 Large Page Support: Disabled
 NUMA Support: Disabled
 Compressed Oops: Enabled (32-bit)
 Heap Region Size: 1M
 Heap Min Capacity: 8M
 Heap Initial Capacity: 252M
 Heap Max Capacity: 1536M
 Pre-touch: Disabled
 Parallel Workers: 10
 Concurrent Workers: 3
 Concurrent Refinement Workers: 10
 Periodic GC: Disabled
Heap:
 garbage-first heap   total 261120K, used 182208K [0x00000000a0000000, 0x0000000100000000)
  region size 1024K, 35 young (35840K), 5 survivors (5120K)
 Metaspace       used 107954K, committed 108928K, reserved 1179648K
  class space    used 14732K, committed 15168K, reserved 1048576K
GC Heap History (20 events):
Event: 8.474 GC heap before
{Heap before GC invocations=44 (full 0):
 garbage-first heap   total 187392K, used 150705K [0x00000000a0000000, 0x0000000100000000)
  region size 1024K, 49 young (50176K), 4 survivors (4096K)
 Metaspace       used 81825K, committed 82496K, reserved 1179648K
  class space    used 11096K, committed 11392K, reserved 1048576K
}
Event: 8.483 GC heap after
{Heap after GC invocations=45 (full 0):
 garbage-first heap   total 187392K, used 108002K [0x00000000a0000000, 0x0000000100000000)
  region size 1024K, 7 young (7168K), 7 survivors (7168K)
 Metaspace       used 81825K, committed 82496K, reserved 1179648K
  class space    used 11096K, committed 11392K, reserved 1048576K
}
Event: 8.703 GC heap before
{Heap before GC invocations=46 (full 0):
 garbage-first heap   total 187392K, used 112098K [0x00000000a0000000, 0x0000000100000000)
  region size 1024K, 12 young (12288K), 7 survivors (7168K)
 Metaspace       used 82646K, committed 83328K, reserved 1179648K
  class space    used 11203K, committed 11520K, reserved 1048576K
}
Event: 8.708 GC heap after
{Heap after GC invocations=47 (full 0):
 garbage-first heap   total 187392K, used 108431K [0x00000000a0000000, 0x0000000100000000)
  region size 1024K, 5 young (5120K), 5 survivors (5120K)
 Metaspace       used 82646K, committed 83328K, reserved 1179648K
  class space    used 11203K, committed 11520K, reserved 1048576K
}
Event: 9.367 GC heap before
{Heap before GC invocations=48 (full 0):
 garbage-first heap   total 220160K, used 174991K [0x00000000a0000000, 0x0000000100000000)
  region size 1024K, 50 young (51200K), 5 survivors (5120K)
 Metaspace       used 85822K, committed 86464K, reserved 1179648K
  class space    used 11678K, committed 11968K, reserved 1048576K
}
Event: 9.372 GC heap after
{Heap after GC invocations=49 (full 0):
 garbage-first heap   total 220160K, used 136965K [0x00000000a0000000, 0x0000000100000000)
  region size 1024K, 7 young (7168K), 7 survivors (7168K)
 Metaspace       used 85822K, committed 86464K, reserved 1179648K
  class space    used 11678K, committed 11968K, reserved 1048576K
}
Event: 9.491 GC heap before
{Heap before GC invocations=49 (full 0):
 garbage-first heap   total 220160K, used 150277K [0x00000000a0000000, 0x0000000100000000)
  region size 1024K, 21 young (21504K), 7 survivors (7168K)
 Metaspace       used 87008K, committed 87744K, reserved 1179648K
  class space    used 11846K, committed 12160K, reserved 1048576K
}
Event: 9.495 GC heap after
{Heap after GC invocations=50 (full 0):
 garbage-first heap   total 220160K, used 138692K [0x00000000a0000000, 0x0000000100000000)
  region size 1024K, 2 young (2048K), 2 survivors (2048K)
 Metaspace       used 87008K, committed 87744K, reserved 1179648K
  class space    used 11846K, committed 12160K, reserved 1048576K
}
Event: 10.372 GC heap before
{Heap before GC invocations=51 (full 0):
 garbage-first heap   total 237568K, used 182724K [0x00000000a0000000, 0x0000000100000000)
  region size 1024K, 45 young (46080K), 2 survivors (2048K)
 Metaspace       used 95517K, committed 96256K, reserved 1179648K
  class space    used 12899K, committed 13248K, reserved 1048576K
}
Event: 10.378 GC heap after
{Heap after GC invocations=52 (full 0):
 garbage-first heap   total 237568K, used 140752K [0x00000000a0000000, 0x0000000100000000)
  region size 1024K, 4 young (4096K), 4 survivors (4096K)
 Metaspace       used 95517K, committed 96256K, reserved 1179648K
  class space    used 12899K, committed 13248K, reserved 1048576K
}
Event: 10.452 GC heap before
{Heap before GC invocations=52 (full 0):
 garbage-first heap   total 237568K, used 147920K [0x00000000a0000000, 0x0000000100000000)
  region size 1024K, 11 young (11264K), 4 survivors (4096K)
 Metaspace       used 96057K, committed 96832K, reserved 1179648K
  class space    used 12992K, committed 13312K, reserved 1048576K
}
Event: 10.455 GC heap after
{Heap after GC invocations=53 (full 0):
 garbage-first heap   total 237568K, used 141009K [0x00000000a0000000, 0x0000000100000000)
  region size 1024K, 1 young (1024K), 1 survivors (1024K)
 Metaspace       used 96057K, committed 96832K, reserved 1179648K
  class space    used 12992K, committed 13312K, reserved 1048576K
}
Event: 10.927 GC heap before
{Heap before GC invocations=53 (full 0):
 garbage-first heap   total 237568K, used 192209K [0x00000000a0000000, 0x0000000100000000)
  region size 1024K, 52 young (53248K), 1 survivors (1024K)
 Metaspace       used 98798K, committed 99648K, reserved 1179648K
  class space    used 13534K, committed 13952K, reserved 1048576K
}
Event: 10.932 GC heap after
{Heap after GC invocations=54 (full 0):
 garbage-first heap   total 237568K, used 145605K [0x00000000a0000000, 0x0000000100000000)
  region size 1024K, 6 young (6144K), 6 survivors (6144K)
 Metaspace       used 98798K, committed 99648K, reserved 1179648K
  class space    used 13534K, committed 13952K, reserved 1048576K
}
Event: 11.300 GC heap before
{Heap before GC invocations=55 (full 0):
 garbage-first heap   total 261120K, used 192709K [0x00000000a0000000, 0x0000000100000000)
  region size 1024K, 53 young (54272K), 6 survivors (6144K)
 Metaspace       used 99249K, committed 100032K, reserved 1179648K
  class space    used 13561K, committed 13952K, reserved 1048576K
}
Event: 11.307 GC heap after
{Heap after GC invocations=56 (full 0):
 garbage-first heap   total 261120K, used 148016K [0x00000000a0000000, 0x0000000100000000)
  region size 1024K, 4 young (4096K), 4 survivors (4096K)
 Metaspace       used 99249K, committed 100032K, reserved 1179648K
  class space    used 13561K, committed 13952K, reserved 1048576K
}
Event: 11.404 GC heap before
{Heap before GC invocations=56 (full 0):
 garbage-first heap   total 261120K, used 155184K [0x00000000a0000000, 0x0000000100000000)
  region size 1024K, 12 young (12288K), 4 survivors (4096K)
 Metaspace       used 99998K, committed 100800K, reserved 1179648K
  class space    used 13646K, committed 14016K, reserved 1048576K
}
Event: 11.407 GC heap after
{Heap after GC invocations=57 (full 0):
 garbage-first heap   total 261120K, used 148287K [0x00000000a0000000, 0x0000000100000000)
  region size 1024K, 1 young (1024K), 1 survivors (1024K)
 Metaspace       used 99998K, committed 100800K, reserved 1179648K
  class space    used 13646K, committed 14016K, reserved 1048576K
}
Event: 11.973 GC heap before
{Heap before GC invocations=57 (full 0):
 garbage-first heap   total 261120K, used 215871K [0x00000000a0000000, 0x0000000100000000)
  region size 1024K, 67 young (68608K), 1 survivors (1024K)
 Metaspace       used 104850K, committed 105664K, reserved 1179648K
  class space    used 14316K, committed 14656K, reserved 1048576K
}
Event: 11.978 GC heap after
{Heap after GC invocations=58 (full 0):
 garbage-first heap   total 261120K, used 152512K [0x00000000a0000000, 0x0000000100000000)
  region size 1024K, 5 young (5120K), 5 survivors (5120K)
 Metaspace       used 104850K, committed 105664K, reserved 1179648K
  class space    used 14316K, committed 14656K, reserved 1048576K
}

